[2026-03-20 18:32:53,255: INFO: main: Welcome to logging info]
[2026-03-20 20:08:51,241: INFO: common: yaml file: config/config.yaml loaded successfully]
[2026-03-20 20:08:51,244: INFO: common: yaml file: params.yaml loaded successfully]
[2026-03-20 20:08:51,246: INFO: common: created directory at: artifacts]
[2026-03-20 20:08:51,246: INFO: common: created directory at: artifacts/data_ingestion]
[2026-03-20 20:08:51,247: INFO: 967806046: Downloading data from https://drive.google.com/file/d/1vlhZ5c7abUKF8xXERIw6m9Te8fW7ohw3/view?usp=sharing into file artifacts/data_ingestion/data.zip]
[2026-03-20 20:08:54,846: INFO: 967806046: Downloaded data from https://drive.google.com/file/d/1vlhZ5c7abUKF8xXERIw6m9Te8fW7ohw3/view?usp=sharing into file artifacts/data_ingestion/data.zip]
[2026-03-20 20:16:55,344: INFO: common: yaml file: config/config.yaml loaded successfully]
[2026-03-20 20:16:55,346: INFO: common: yaml file: params.yaml loaded successfully]
[2026-03-20 20:16:55,348: INFO: common: created directory at: artifacts]
[2026-03-20 20:16:55,349: INFO: common: created directory at: artifacts/prepare_base_model]
[2026-03-20 20:16:57,848: WARNING: saving_utils: Compiled the loaded model, but the compiled metrics have yet to be built. `model.compile_metrics` will be empty until you train or evaluate the model.]
[2026-03-20 20:16:58,176: WARNING: optimizer: At this time, the v2.11+ optimizer `tf.keras.optimizers.SGD` runs slowly on M1/M2 Macs, please use the legacy Keras optimizer instead, located at `tf.keras.optimizers.legacy.SGD`.]
[2026-03-20 20:16:58,179: WARNING: __init__: There is a known slowdown when using v2.11+ Keras optimizers on M1/M2 Macs. Falling back to the legacy Keras optimizer, i.e., `tf.keras.optimizers.legacy.SGD`.]
[2026-03-20 20:21:50,220: INFO: common: yaml file: config/config.yaml loaded successfully]
[2026-03-20 20:21:50,223: INFO: common: yaml file: params.yaml loaded successfully]
[2026-03-20 20:21:50,224: INFO: common: created directory at: artifacts]
[2026-03-20 20:21:50,225: INFO: common: created directory at: artifacts/prepare_callbacks/checkpoint_dir]
[2026-03-20 20:21:50,226: INFO: common: created directory at: artifacts/prepare_callbacks/tensorboard_log_dir]
[2026-03-20 20:26:06,977: INFO: common: yaml file: config/config.yaml loaded successfully]
[2026-03-20 20:26:06,980: INFO: common: yaml file: params.yaml loaded successfully]
[2026-03-20 20:26:06,981: INFO: common: created directory at: artifacts]
[2026-03-20 20:26:06,981: INFO: common: created directory at: artifacts/prepare_callbacks/checkpoint_dir]
[2026-03-20 20:26:06,982: INFO: common: created directory at: artifacts/prepare_callbacks/tensorboard_log_dir]
[2026-03-20 20:26:06,988: INFO: common: created directory at: artifacts/training]
[2026-03-20 20:37:02,620: INFO: common: yaml file: config/config.yaml loaded successfully]
[2026-03-20 20:37:02,622: INFO: common: yaml file: params.yaml loaded successfully]
[2026-03-20 20:37:02,622: INFO: common: created directory at: artifacts]
[2026-03-20 20:37:02,623: INFO: common: created directory at: artifacts/prepare_callbacks/checkpoint_dir]
[2026-03-20 20:37:02,623: INFO: common: created directory at: artifacts/prepare_callbacks/tensorboard_log_dir]
[2026-03-20 20:37:02,624: INFO: common: created directory at: artifacts/training]
[2026-03-21 12:24:33,842: INFO: common: yaml file: config/config.yaml loaded successfully]
[2026-03-21 12:24:33,846: INFO: common: yaml file: params.yaml loaded successfully]
[2026-03-21 12:24:33,846: INFO: common: created directory at: artifacts]
[2026-03-21 12:24:39,737: WARNING: save: Found untraced functions such as _jit_compiled_convolution_op, _jit_compiled_convolution_op, _jit_compiled_convolution_op, _jit_compiled_convolution_op, _jit_compiled_convolution_op while saving (showing 5 of 13). These functions will not be directly callable after loading.]
[2026-03-21 12:24:40,169: INFO: builder_impl: Assets written to: /var/folders/td/rr_6m89n4w93gmw6cv4n2rch0000gn/T/tmph95gnx_9/model/data/model/assets]
[2026-03-21 12:28:46,769: INFO: _client: HTTP Request: GET https://dagshub.com/api/v1/repos/captainkiran0158/KidneyTumorCNNclassifier "HTTP/1.1 200 OK"]
[2026-03-21 12:28:46,774: INFO: helpers: Initialized MLflow to track repo "captainkiran0158/KidneyTumorCNNclassifier"]
[2026-03-21 12:28:46,775: INFO: helpers: Repository captainkiran0158/KidneyTumorCNNclassifier initialized!]
[2026-03-21 12:30:56,481: INFO: common: yaml file: config/config.yaml loaded successfully]
[2026-03-21 12:30:56,524: INFO: common: yaml file: params.yaml loaded successfully]
[2026-03-21 12:30:56,529: INFO: common: created directory at: artifacts]
[2026-03-21 12:31:01,082: WARNING: save: Found untraced functions such as _jit_compiled_convolution_op, _jit_compiled_convolution_op, _jit_compiled_convolution_op, _jit_compiled_convolution_op, _jit_compiled_convolution_op while saving (showing 5 of 13). These functions will not be directly callable after loading.]
[2026-03-21 12:31:01,516: INFO: builder_impl: Assets written to: /var/folders/td/rr_6m89n4w93gmw6cv4n2rch0000gn/T/tmp35bwjm8i/model/data/model/assets]
[2026-03-21 12:35:18,084: INFO: _client: HTTP Request: GET https://dagshub.com/api/v1/repos/captainkiran0158/KidneyTumorCNNclassifier "HTTP/1.1 200 OK"]
[2026-03-21 12:35:18,089: INFO: helpers: Initialized MLflow to track repo "captainkiran0158/KidneyTumorCNNclassifier"]
[2026-03-21 12:35:18,090: INFO: helpers: Repository captainkiran0158/KidneyTumorCNNclassifier initialized!]
[2026-03-21 12:35:23,801: INFO: common: yaml file: config/config.yaml loaded successfully]
[2026-03-21 12:35:23,805: INFO: common: yaml file: params.yaml loaded successfully]
[2026-03-21 12:35:23,808: INFO: common: created directory at: artifacts]
[2026-03-21 12:36:02,549: INFO: common: yaml file: config/config.yaml loaded successfully]
[2026-03-21 12:36:02,552: INFO: common: yaml file: params.yaml loaded successfully]
[2026-03-21 12:36:02,554: INFO: common: created directory at: artifacts]
[2026-03-21 13:01:39,177: INFO: _client: HTTP Request: GET https://dagshub.com/api/v1/repos/captainkiran0158/KidneyTumorCNNclassifier "HTTP/1.1 200 OK"]
[2026-03-21 13:01:39,236: INFO: helpers: Initialized MLflow to track repo "captainkiran0158/KidneyTumorCNNclassifier"]
[2026-03-21 13:01:39,238: INFO: helpers: Repository captainkiran0158/KidneyTumorCNNclassifier initialized!]
[2026-03-21 13:01:45,362: INFO: common: yaml file: config/config.yaml loaded successfully]
[2026-03-21 13:01:45,369: INFO: common: yaml file: params.yaml loaded successfully]
[2026-03-21 13:01:45,370: INFO: common: created directory at: artifacts]
[2026-03-21 13:01:50,924: WARNING: save: Found untraced functions such as _jit_compiled_convolution_op, _jit_compiled_convolution_op, _jit_compiled_convolution_op, _jit_compiled_convolution_op, _jit_compiled_convolution_op while saving (showing 5 of 13). These functions will not be directly callable after loading.]
[2026-03-21 13:01:51,282: INFO: builder_impl: Assets written to: /var/folders/td/rr_6m89n4w93gmw6cv4n2rch0000gn/T/tmp7ck_0xat/model/data/model/assets]
[2026-03-21 13:03:40,274: INFO: _client: HTTP Request: GET https://dagshub.com/api/v1/repos/captainkiran0158/KidneyTumorCNNclassifier "HTTP/1.1 200 OK"]
[2026-03-21 13:03:40,283: INFO: helpers: Initialized MLflow to track repo "captainkiran0158/KidneyTumorCNNclassifier"]
[2026-03-21 13:03:40,286: INFO: helpers: Repository captainkiran0158/KidneyTumorCNNclassifier initialized!]
[2026-03-21 13:03:43,652: INFO: common: yaml file: config/config.yaml loaded successfully]
[2026-03-21 13:03:43,656: INFO: common: yaml file: params.yaml loaded successfully]
[2026-03-21 13:03:43,664: INFO: common: created directory at: artifacts]
[2026-03-21 13:03:48,851: WARNING: save: Found untraced functions such as _jit_compiled_convolution_op, _jit_compiled_convolution_op, _jit_compiled_convolution_op, _jit_compiled_convolution_op, _jit_compiled_convolution_op while saving (showing 5 of 13). These functions will not be directly callable after loading.]
[2026-03-21 13:03:49,385: INFO: builder_impl: Assets written to: /var/folders/td/rr_6m89n4w93gmw6cv4n2rch0000gn/T/tmpwbwwkahv/model/data/model/assets]
[2026-03-21 13:21:44,748: INFO: common: yaml file: config/config.yaml loaded successfully]
[2026-03-21 13:21:44,751: INFO: common: yaml file: params.yaml loaded successfully]
[2026-03-21 13:21:44,752: INFO: common: created directory at: artifacts]
[2026-03-21 13:21:46,556: INFO: common: json file saved at: scores.json]
[2026-03-21 13:21:49,111: WARNING: save: Found untraced functions such as _jit_compiled_convolution_op, _jit_compiled_convolution_op, _jit_compiled_convolution_op, _jit_compiled_convolution_op, _jit_compiled_convolution_op while saving (showing 5 of 13). These functions will not be directly callable after loading.]
[2026-03-21 13:21:49,487: INFO: builder_impl: Assets written to: /var/folders/td/rr_6m89n4w93gmw6cv4n2rch0000gn/T/tmp5q5kb07j/model/data/model/assets]
[2026-03-21 13:24:53,110: INFO: common: yaml file: config/config.yaml loaded successfully]
[2026-03-21 13:24:53,113: INFO: common: yaml file: params.yaml loaded successfully]
[2026-03-21 13:24:53,114: INFO: common: created directory at: artifacts]
[2026-03-21 13:24:54,654: INFO: common: json file saved at: scores.json]
[2026-03-21 13:24:56,978: WARNING: save: Found untraced functions such as _jit_compiled_convolution_op, _jit_compiled_convolution_op, _jit_compiled_convolution_op, _jit_compiled_convolution_op, _jit_compiled_convolution_op while saving (showing 5 of 13). These functions will not be directly callable after loading.]
[2026-03-21 13:24:57,350: INFO: builder_impl: Assets written to: /var/folders/td/rr_6m89n4w93gmw6cv4n2rch0000gn/T/tmpwgfpvudk/model/data/model/assets]
[2026-03-21 13:33:25,755: INFO: common: yaml file: config/config.yaml loaded successfully]
[2026-03-21 13:33:25,759: INFO: common: yaml file: params.yaml loaded successfully]
[2026-03-21 13:33:25,760: INFO: common: created directory at: artifacts]
[2026-03-21 13:35:18,495: INFO: common: yaml file: config/config.yaml loaded successfully]
[2026-03-21 13:35:18,500: INFO: common: yaml file: params.yaml loaded successfully]
[2026-03-21 13:35:18,502: INFO: common: created directory at: artifacts]
[2026-03-21 13:35:18,798: INFO: _client: HTTP Request: GET https://dagshub.com/api/v1/user "HTTP/1.1 200 OK"]
[2026-03-21 13:35:18,803: INFO: helpers: Accessing as captainkiran0158]
[2026-03-21 13:35:19,096: INFO: _client: HTTP Request: GET https://dagshub.com/api/v1/repos/captainkiran0158/KidneyTumorCNNclassifier "HTTP/1.1 200 OK"]
[2026-03-21 13:35:19,337: INFO: _client: HTTP Request: GET https://dagshub.com/api/v1/user "HTTP/1.1 200 OK"]
[2026-03-21 13:35:19,343: INFO: helpers: Initialized MLflow to track repo "captainkiran0158/KidneyTumorCNNclassifier"]
[2026-03-21 13:35:19,345: INFO: helpers: Repository captainkiran0158/KidneyTumorCNNclassifier initialized!]
[2026-03-21 13:35:21,279: INFO: common: json file saved at: scores.json]
[2026-03-21 13:35:24,108: WARNING: save: Found untraced functions such as _jit_compiled_convolution_op, _jit_compiled_convolution_op, _jit_compiled_convolution_op, _jit_compiled_convolution_op, _jit_compiled_convolution_op while saving (showing 5 of 13). These functions will not be directly callable after loading.]
[2026-03-21 13:35:24,487: INFO: builder_impl: Assets written to: /var/folders/td/rr_6m89n4w93gmw6cv4n2rch0000gn/T/tmpww_za4b9/model/data/model/assets]
[2026-03-21 14:03:21,481: INFO: stage_01_data_ingestion: >>>>>> stage Data Ingestion stage started <<<<<<]
[2026-03-21 14:03:21,483: INFO: common: yaml file: config/config.yaml loaded successfully]
[2026-03-21 14:03:21,484: INFO: common: yaml file: params.yaml loaded successfully]
[2026-03-21 14:03:21,484: INFO: common: created directory at: artifacts]
[2026-03-21 14:03:21,485: INFO: common: created directory at: artifacts/data_ingestion]
[2026-03-21 14:03:21,485: INFO: data_ingestion: Downloading data from https://drive.google.com/file/d/1vlhZ5c7abUKF8xXERIw6m9Te8fW7ohw3/view?usp=sharing into file artifacts/data_ingestion/data.zip]
[2026-03-21 14:03:24,753: INFO: data_ingestion: Downloaded data from https://drive.google.com/file/d/1vlhZ5c7abUKF8xXERIw6m9Te8fW7ohw3/view?usp=sharing into file artifacts/data_ingestion/data.zip]
[2026-03-21 14:03:25,053: INFO: stage_01_data_ingestion: >>>>>> stage Data Ingestion stage completed <<<<<<

x==========x]
[2026-03-21 14:03:55,488: INFO: stage_02_prepare_base_model: *******************]
[2026-03-21 14:03:55,488: INFO: stage_02_prepare_base_model: >>>>>> stage Prepare base model started <<<<<<]
[2026-03-21 14:03:55,489: INFO: common: yaml file: config/config.yaml loaded successfully]
[2026-03-21 14:03:55,490: INFO: common: yaml file: params.yaml loaded successfully]
[2026-03-21 14:03:55,490: INFO: common: created directory at: artifacts]
[2026-03-21 14:03:55,490: INFO: common: created directory at: artifacts/prepare_base_model]
[2026-03-21 14:03:56,051: WARNING: saving_utils: Compiled the loaded model, but the compiled metrics have yet to be built. `model.compile_metrics` will be empty until you train or evaluate the model.]
[2026-03-21 14:03:56,390: WARNING: optimizer: At this time, the v2.11+ optimizer `tf.keras.optimizers.SGD` runs slowly on M1/M2 Macs, please use the legacy Keras optimizer instead, located at `tf.keras.optimizers.legacy.SGD`.]
[2026-03-21 14:03:56,393: WARNING: __init__: There is a known slowdown when using v2.11+ Keras optimizers on M1/M2 Macs. Falling back to the legacy Keras optimizer, i.e., `tf.keras.optimizers.legacy.SGD`.]
[2026-03-21 14:03:56,611: INFO: stage_02_prepare_base_model: >>>>>> stage Prepare base model completed <<<<<<

x==========x]
[2026-03-21 14:04:00,305: INFO: stage_03_training: *******************]
[2026-03-21 14:04:00,305: INFO: stage_03_training: >>>>>> stage Training started <<<<<<]
[2026-03-21 14:04:00,306: INFO: common: yaml file: config/config.yaml loaded successfully]
[2026-03-21 14:04:00,307: INFO: common: yaml file: params.yaml loaded successfully]
[2026-03-21 14:04:00,307: INFO: common: created directory at: artifacts]
[2026-03-21 14:04:00,307: INFO: common: created directory at: artifacts/prepare_callbacks/checkpoint_dir]
[2026-03-21 14:04:00,307: INFO: common: created directory at: artifacts/prepare_callbacks/tensorboard_log_dir]
[2026-03-21 14:04:00,307: INFO: common: created directory at: artifacts/training]
[2026-03-21 14:04:37,009: INFO: stage_03_training: >>>>>> stage Training completed <<<<<<

x==========x]
[2026-03-21 14:05:00,717: INFO: stage_04_evaluation: *******************]
[2026-03-21 14:05:00,717: INFO: stage_04_evaluation: >>>>>> stage Evaluation stage started <<<<<<]
[2026-03-21 14:05:00,718: INFO: common: yaml file: config/config.yaml loaded successfully]
[2026-03-21 14:05:00,719: INFO: common: yaml file: params.yaml loaded successfully]
[2026-03-21 14:05:00,720: INFO: common: created directory at: artifacts]
[2026-03-21 14:05:01,038: INFO: _client: HTTP Request: GET https://dagshub.com/api/v1/user "HTTP/1.1 200 OK"]
[2026-03-21 14:05:01,040: INFO: helpers: Accessing as captainkiran0158]
[2026-03-21 14:05:01,380: INFO: _client: HTTP Request: GET https://dagshub.com/api/v1/repos/captainkiran0158/KidneyTumorCNNclassifier "HTTP/1.1 200 OK"]
[2026-03-21 14:05:01,600: INFO: _client: HTTP Request: GET https://dagshub.com/api/v1/user "HTTP/1.1 200 OK"]
[2026-03-21 14:05:01,601: INFO: helpers: Initialized MLflow to track repo "captainkiran0158/KidneyTumorCNNclassifier"]
[2026-03-21 14:05:01,602: INFO: helpers: Repository captainkiran0158/KidneyTumorCNNclassifier initialized!]
[2026-03-21 14:05:03,620: INFO: common: json file saved at: scores.json]
[2026-03-21 14:05:03,621: INFO: stage_04_evaluation: >>>>>> stage Evaluation stage completed <<<<<<

x==========x]
[2026-03-21 14:13:57,903: INFO: stage_01_data_ingestion: >>>>>> stage Data Ingestion stage started <<<<<<]
[2026-03-21 14:13:57,904: INFO: common: yaml file: config/config.yaml loaded successfully]
[2026-03-21 14:13:57,905: INFO: common: yaml file: params.yaml loaded successfully]
[2026-03-21 14:13:57,905: INFO: common: created directory at: artifacts]
[2026-03-21 14:13:57,905: INFO: common: created directory at: artifacts/data_ingestion]
[2026-03-21 14:13:57,905: INFO: data_ingestion: Downloading data from https://drive.google.com/file/d/1vlhZ5c7abUKF8xXERIw6m9Te8fW7ohw3/view?usp=sharing into file artifacts/data_ingestion/data.zip]
[2026-03-21 14:14:01,449: INFO: data_ingestion: Downloaded data from https://drive.google.com/file/d/1vlhZ5c7abUKF8xXERIw6m9Te8fW7ohw3/view?usp=sharing into file artifacts/data_ingestion/data.zip]
[2026-03-21 14:14:01,712: INFO: stage_01_data_ingestion: >>>>>> stage Data Ingestion stage completed <<<<<<

x==========x]
[2026-03-21 14:14:06,035: INFO: stage_02_prepare_base_model: *******************]
[2026-03-21 14:14:06,035: INFO: stage_02_prepare_base_model: >>>>>> stage Prepare base model started <<<<<<]
[2026-03-21 14:14:06,036: INFO: common: yaml file: config/config.yaml loaded successfully]
[2026-03-21 14:14:06,036: INFO: common: yaml file: params.yaml loaded successfully]
[2026-03-21 14:14:06,037: INFO: common: created directory at: artifacts]
[2026-03-21 14:14:06,037: INFO: common: created directory at: artifacts/prepare_base_model]
[2026-03-21 14:14:06,512: WARNING: saving_utils: Compiled the loaded model, but the compiled metrics have yet to be built. `model.compile_metrics` will be empty until you train or evaluate the model.]
[2026-03-21 14:14:06,612: WARNING: optimizer: At this time, the v2.11+ optimizer `tf.keras.optimizers.SGD` runs slowly on M1/M2 Macs, please use the legacy Keras optimizer instead, located at `tf.keras.optimizers.legacy.SGD`.]
[2026-03-21 14:14:06,614: WARNING: __init__: There is a known slowdown when using v2.11+ Keras optimizers on M1/M2 Macs. Falling back to the legacy Keras optimizer, i.e., `tf.keras.optimizers.legacy.SGD`.]
[2026-03-21 14:14:06,783: INFO: stage_02_prepare_base_model: >>>>>> stage Prepare base model completed <<<<<<

x==========x]
[2026-03-21 14:14:10,380: INFO: stage_03_training: *******************]
[2026-03-21 14:14:10,380: INFO: stage_03_training: >>>>>> stage Training started <<<<<<]
[2026-03-21 14:14:10,381: INFO: common: yaml file: config/config.yaml loaded successfully]
[2026-03-21 14:14:10,381: INFO: common: yaml file: params.yaml loaded successfully]
[2026-03-21 14:14:10,382: INFO: common: created directory at: artifacts]
[2026-03-21 14:14:10,382: INFO: common: created directory at: artifacts/prepare_callbacks/checkpoint_dir]
[2026-03-21 14:14:10,382: INFO: common: created directory at: artifacts/prepare_callbacks/tensorboard_log_dir]
[2026-03-21 14:14:10,382: INFO: common: created directory at: artifacts/training]
[2026-03-21 14:14:44,298: INFO: stage_03_training: >>>>>> stage Training completed <<<<<<

x==========x]
[2026-03-21 14:14:50,026: INFO: stage_04_evaluation: *******************]
[2026-03-21 14:14:50,026: INFO: stage_04_evaluation: >>>>>> stage Evaluation stage started <<<<<<]
[2026-03-21 14:14:50,027: INFO: common: yaml file: config/config.yaml loaded successfully]
[2026-03-21 14:14:50,028: INFO: common: yaml file: params.yaml loaded successfully]
[2026-03-21 14:14:50,028: INFO: common: created directory at: artifacts]
[2026-03-21 14:14:50,321: INFO: _client: HTTP Request: GET https://dagshub.com/api/v1/user "HTTP/1.1 200 OK"]
[2026-03-21 14:14:50,328: INFO: helpers: Accessing as captainkiran0158]
[2026-03-21 14:14:50,560: INFO: _client: HTTP Request: GET https://dagshub.com/api/v1/repos/captainkiran0158/KidneyTumorCNNclassifier "HTTP/1.1 200 OK"]
[2026-03-21 14:14:50,836: INFO: _client: HTTP Request: GET https://dagshub.com/api/v1/user "HTTP/1.1 200 OK"]
[2026-03-21 14:14:50,838: INFO: helpers: Initialized MLflow to track repo "captainkiran0158/KidneyTumorCNNclassifier"]
[2026-03-21 14:14:50,839: INFO: helpers: Repository captainkiran0158/KidneyTumorCNNclassifier initialized!]
[2026-03-21 14:14:52,774: INFO: common: json file saved at: scores.json]
[2026-03-21 14:14:52,774: INFO: stage_04_evaluation: >>>>>> stage Evaluation stage completed <<<<<<

x==========x]
[2026-03-21 14:26:14,468: INFO: _internal: [31m[1mWARNING: This is a development server. Do not use it in a production deployment. Use a production WSGI server instead.[0m
 * Running on all addresses (0.0.0.0)
 * Running on http://127.0.0.1:8080
 * Running on http://10.0.0.24:8080]
[2026-03-21 14:26:14,469: INFO: _internal: [33mPress CTRL+C to quit[0m]
[2026-03-21 14:26:23,371: INFO: _internal: 10.0.0.24 - - [21/Mar/2026 14:26:23] "GET / HTTP/1.1" 200 -]
[2026-03-21 14:26:23,869: INFO: _internal: 10.0.0.24 - - [21/Mar/2026 14:26:23] "[33mGET /favicon.ico HTTP/1.1[0m" 404 -]
[2026-03-21 14:26:41,063: ERROR: app: Exception on /predict [POST]]
Traceback (most recent call last):
  File "/Users/kiranprasadjp/Documents/Pros/KidneyTumorCNNclassifier/.venv/lib/python3.10/site-packages/flask/app.py", line 1511, in wsgi_app
    response = self.full_dispatch_request()
  File "/Users/kiranprasadjp/Documents/Pros/KidneyTumorCNNclassifier/.venv/lib/python3.10/site-packages/flask/app.py", line 919, in full_dispatch_request
    rv = self.handle_user_exception(e)
  File "/Users/kiranprasadjp/Documents/Pros/KidneyTumorCNNclassifier/.venv/lib/python3.10/site-packages/flask_cors/extension.py", line 176, in wrapped_function
    return cors_after_request(app.make_response(f(*args, **kwargs)))
  File "/Users/kiranprasadjp/Documents/Pros/KidneyTumorCNNclassifier/.venv/lib/python3.10/site-packages/flask/app.py", line 917, in full_dispatch_request
    rv = self.dispatch_request()
  File "/Users/kiranprasadjp/Documents/Pros/KidneyTumorCNNclassifier/.venv/lib/python3.10/site-packages/flask/app.py", line 902, in dispatch_request
    return self.ensure_sync(self.view_functions[rule.endpoint])(**view_args)  # type: ignore[no-any-return]
  File "/Users/kiranprasadjp/Documents/Pros/KidneyTumorCNNclassifier/.venv/lib/python3.10/site-packages/flask_cors/decorator.py", line 121, in wrapped_function
    resp = make_response(f(*args, **kwargs))
  File "/Users/kiranprasadjp/Documents/Pros/KidneyTumorCNNclassifier/app.py", line 40, in predictRoute
    result = clApp.classifier.predict()
  File "/Users/kiranprasadjp/Documents/Pros/KidneyTumorCNNclassifier/src/cnnClassifier/pipeline/predict.py", line 16, in predict
    model = load_model(os.path.join("model", "model.h5"))
  File "/Users/kiranprasadjp/Documents/Pros/KidneyTumorCNNclassifier/.venv/lib/python3.10/site-packages/keras/saving/saving_api.py", line 212, in load_model
    return legacy_sm_saving_lib.load_model(
  File "/Users/kiranprasadjp/Documents/Pros/KidneyTumorCNNclassifier/.venv/lib/python3.10/site-packages/keras/utils/traceback_utils.py", line 70, in error_handler
    raise e.with_traceback(filtered_tb) from None
  File "/Users/kiranprasadjp/Documents/Pros/KidneyTumorCNNclassifier/.venv/lib/python3.10/site-packages/keras/saving/legacy/save.py", line 230, in load_model
    raise IOError(
OSError: No file or directory found at model/model.h5
[2026-03-21 14:26:41,070: INFO: _internal: 10.0.0.24 - - [21/Mar/2026 14:26:41] "[35m[1mPOST /predict HTTP/1.1[0m" 500 -]
[2026-03-21 14:26:42,518: ERROR: app: Exception on /predict [POST]]
Traceback (most recent call last):
  File "/Users/kiranprasadjp/Documents/Pros/KidneyTumorCNNclassifier/.venv/lib/python3.10/site-packages/flask/app.py", line 1511, in wsgi_app
    response = self.full_dispatch_request()
  File "/Users/kiranprasadjp/Documents/Pros/KidneyTumorCNNclassifier/.venv/lib/python3.10/site-packages/flask/app.py", line 919, in full_dispatch_request
    rv = self.handle_user_exception(e)
  File "/Users/kiranprasadjp/Documents/Pros/KidneyTumorCNNclassifier/.venv/lib/python3.10/site-packages/flask_cors/extension.py", line 176, in wrapped_function
    return cors_after_request(app.make_response(f(*args, **kwargs)))
  File "/Users/kiranprasadjp/Documents/Pros/KidneyTumorCNNclassifier/.venv/lib/python3.10/site-packages/flask/app.py", line 917, in full_dispatch_request
    rv = self.dispatch_request()
  File "/Users/kiranprasadjp/Documents/Pros/KidneyTumorCNNclassifier/.venv/lib/python3.10/site-packages/flask/app.py", line 902, in dispatch_request
    return self.ensure_sync(self.view_functions[rule.endpoint])(**view_args)  # type: ignore[no-any-return]
  File "/Users/kiranprasadjp/Documents/Pros/KidneyTumorCNNclassifier/.venv/lib/python3.10/site-packages/flask_cors/decorator.py", line 121, in wrapped_function
    resp = make_response(f(*args, **kwargs))
  File "/Users/kiranprasadjp/Documents/Pros/KidneyTumorCNNclassifier/app.py", line 40, in predictRoute
    result = clApp.classifier.predict()
  File "/Users/kiranprasadjp/Documents/Pros/KidneyTumorCNNclassifier/src/cnnClassifier/pipeline/predict.py", line 16, in predict
    model = load_model(os.path.join("model", "model.h5"))
  File "/Users/kiranprasadjp/Documents/Pros/KidneyTumorCNNclassifier/.venv/lib/python3.10/site-packages/keras/saving/saving_api.py", line 212, in load_model
    return legacy_sm_saving_lib.load_model(
  File "/Users/kiranprasadjp/Documents/Pros/KidneyTumorCNNclassifier/.venv/lib/python3.10/site-packages/keras/utils/traceback_utils.py", line 70, in error_handler
    raise e.with_traceback(filtered_tb) from None
  File "/Users/kiranprasadjp/Documents/Pros/KidneyTumorCNNclassifier/.venv/lib/python3.10/site-packages/keras/saving/legacy/save.py", line 230, in load_model
    raise IOError(
OSError: No file or directory found at model/model.h5
[2026-03-21 14:26:42,519: INFO: _internal: 10.0.0.24 - - [21/Mar/2026 14:26:42] "[35m[1mPOST /predict HTTP/1.1[0m" 500 -]
[2026-03-21 14:26:43,095: ERROR: app: Exception on /predict [POST]]
Traceback (most recent call last):
  File "/Users/kiranprasadjp/Documents/Pros/KidneyTumorCNNclassifier/.venv/lib/python3.10/site-packages/flask/app.py", line 1511, in wsgi_app
    response = self.full_dispatch_request()
  File "/Users/kiranprasadjp/Documents/Pros/KidneyTumorCNNclassifier/.venv/lib/python3.10/site-packages/flask/app.py", line 919, in full_dispatch_request
    rv = self.handle_user_exception(e)
  File "/Users/kiranprasadjp/Documents/Pros/KidneyTumorCNNclassifier/.venv/lib/python3.10/site-packages/flask_cors/extension.py", line 176, in wrapped_function
    return cors_after_request(app.make_response(f(*args, **kwargs)))
  File "/Users/kiranprasadjp/Documents/Pros/KidneyTumorCNNclassifier/.venv/lib/python3.10/site-packages/flask/app.py", line 917, in full_dispatch_request
    rv = self.dispatch_request()
  File "/Users/kiranprasadjp/Documents/Pros/KidneyTumorCNNclassifier/.venv/lib/python3.10/site-packages/flask/app.py", line 902, in dispatch_request
    return self.ensure_sync(self.view_functions[rule.endpoint])(**view_args)  # type: ignore[no-any-return]
  File "/Users/kiranprasadjp/Documents/Pros/KidneyTumorCNNclassifier/.venv/lib/python3.10/site-packages/flask_cors/decorator.py", line 121, in wrapped_function
    resp = make_response(f(*args, **kwargs))
  File "/Users/kiranprasadjp/Documents/Pros/KidneyTumorCNNclassifier/app.py", line 40, in predictRoute
    result = clApp.classifier.predict()
  File "/Users/kiranprasadjp/Documents/Pros/KidneyTumorCNNclassifier/src/cnnClassifier/pipeline/predict.py", line 16, in predict
    model = load_model(os.path.join("model", "model.h5"))
  File "/Users/kiranprasadjp/Documents/Pros/KidneyTumorCNNclassifier/.venv/lib/python3.10/site-packages/keras/saving/saving_api.py", line 212, in load_model
    return legacy_sm_saving_lib.load_model(
  File "/Users/kiranprasadjp/Documents/Pros/KidneyTumorCNNclassifier/.venv/lib/python3.10/site-packages/keras/utils/traceback_utils.py", line 70, in error_handler
    raise e.with_traceback(filtered_tb) from None
  File "/Users/kiranprasadjp/Documents/Pros/KidneyTumorCNNclassifier/.venv/lib/python3.10/site-packages/keras/saving/legacy/save.py", line 230, in load_model
    raise IOError(
OSError: No file or directory found at model/model.h5
[2026-03-21 14:26:43,096: INFO: _internal: 10.0.0.24 - - [21/Mar/2026 14:26:43] "[35m[1mPOST /predict HTTP/1.1[0m" 500 -]
[2026-03-21 14:26:43,294: ERROR: app: Exception on /predict [POST]]
Traceback (most recent call last):
  File "/Users/kiranprasadjp/Documents/Pros/KidneyTumorCNNclassifier/.venv/lib/python3.10/site-packages/flask/app.py", line 1511, in wsgi_app
    response = self.full_dispatch_request()
  File "/Users/kiranprasadjp/Documents/Pros/KidneyTumorCNNclassifier/.venv/lib/python3.10/site-packages/flask/app.py", line 919, in full_dispatch_request
    rv = self.handle_user_exception(e)
  File "/Users/kiranprasadjp/Documents/Pros/KidneyTumorCNNclassifier/.venv/lib/python3.10/site-packages/flask_cors/extension.py", line 176, in wrapped_function
    return cors_after_request(app.make_response(f(*args, **kwargs)))
  File "/Users/kiranprasadjp/Documents/Pros/KidneyTumorCNNclassifier/.venv/lib/python3.10/site-packages/flask/app.py", line 917, in full_dispatch_request
    rv = self.dispatch_request()
  File "/Users/kiranprasadjp/Documents/Pros/KidneyTumorCNNclassifier/.venv/lib/python3.10/site-packages/flask/app.py", line 902, in dispatch_request
    return self.ensure_sync(self.view_functions[rule.endpoint])(**view_args)  # type: ignore[no-any-return]
  File "/Users/kiranprasadjp/Documents/Pros/KidneyTumorCNNclassifier/.venv/lib/python3.10/site-packages/flask_cors/decorator.py", line 121, in wrapped_function
    resp = make_response(f(*args, **kwargs))
  File "/Users/kiranprasadjp/Documents/Pros/KidneyTumorCNNclassifier/app.py", line 40, in predictRoute
    result = clApp.classifier.predict()
  File "/Users/kiranprasadjp/Documents/Pros/KidneyTumorCNNclassifier/src/cnnClassifier/pipeline/predict.py", line 16, in predict
    model = load_model(os.path.join("model", "model.h5"))
  File "/Users/kiranprasadjp/Documents/Pros/KidneyTumorCNNclassifier/.venv/lib/python3.10/site-packages/keras/saving/saving_api.py", line 212, in load_model
    return legacy_sm_saving_lib.load_model(
  File "/Users/kiranprasadjp/Documents/Pros/KidneyTumorCNNclassifier/.venv/lib/python3.10/site-packages/keras/utils/traceback_utils.py", line 70, in error_handler
    raise e.with_traceback(filtered_tb) from None
  File "/Users/kiranprasadjp/Documents/Pros/KidneyTumorCNNclassifier/.venv/lib/python3.10/site-packages/keras/saving/legacy/save.py", line 230, in load_model
    raise IOError(
OSError: No file or directory found at model/model.h5
[2026-03-21 14:26:43,294: INFO: _internal: 10.0.0.24 - - [21/Mar/2026 14:26:43] "[35m[1mPOST /predict HTTP/1.1[0m" 500 -]
[2026-03-21 14:26:43,452: ERROR: app: Exception on /predict [POST]]
Traceback (most recent call last):
  File "/Users/kiranprasadjp/Documents/Pros/KidneyTumorCNNclassifier/.venv/lib/python3.10/site-packages/flask/app.py", line 1511, in wsgi_app
    response = self.full_dispatch_request()
  File "/Users/kiranprasadjp/Documents/Pros/KidneyTumorCNNclassifier/.venv/lib/python3.10/site-packages/flask/app.py", line 919, in full_dispatch_request
    rv = self.handle_user_exception(e)
  File "/Users/kiranprasadjp/Documents/Pros/KidneyTumorCNNclassifier/.venv/lib/python3.10/site-packages/flask_cors/extension.py", line 176, in wrapped_function
    return cors_after_request(app.make_response(f(*args, **kwargs)))
  File "/Users/kiranprasadjp/Documents/Pros/KidneyTumorCNNclassifier/.venv/lib/python3.10/site-packages/flask/app.py", line 917, in full_dispatch_request
    rv = self.dispatch_request()
  File "/Users/kiranprasadjp/Documents/Pros/KidneyTumorCNNclassifier/.venv/lib/python3.10/site-packages/flask/app.py", line 902, in dispatch_request
    return self.ensure_sync(self.view_functions[rule.endpoint])(**view_args)  # type: ignore[no-any-return]
  File "/Users/kiranprasadjp/Documents/Pros/KidneyTumorCNNclassifier/.venv/lib/python3.10/site-packages/flask_cors/decorator.py", line 121, in wrapped_function
    resp = make_response(f(*args, **kwargs))
  File "/Users/kiranprasadjp/Documents/Pros/KidneyTumorCNNclassifier/app.py", line 40, in predictRoute
    result = clApp.classifier.predict()
  File "/Users/kiranprasadjp/Documents/Pros/KidneyTumorCNNclassifier/src/cnnClassifier/pipeline/predict.py", line 16, in predict
    model = load_model(os.path.join("model", "model.h5"))
  File "/Users/kiranprasadjp/Documents/Pros/KidneyTumorCNNclassifier/.venv/lib/python3.10/site-packages/keras/saving/saving_api.py", line 212, in load_model
    return legacy_sm_saving_lib.load_model(
  File "/Users/kiranprasadjp/Documents/Pros/KidneyTumorCNNclassifier/.venv/lib/python3.10/site-packages/keras/utils/traceback_utils.py", line 70, in error_handler
    raise e.with_traceback(filtered_tb) from None
  File "/Users/kiranprasadjp/Documents/Pros/KidneyTumorCNNclassifier/.venv/lib/python3.10/site-packages/keras/saving/legacy/save.py", line 230, in load_model
    raise IOError(
OSError: No file or directory found at model/model.h5
[2026-03-21 14:26:43,453: INFO: _internal: 10.0.0.24 - - [21/Mar/2026 14:26:43] "[35m[1mPOST /predict HTTP/1.1[0m" 500 -]
[2026-03-21 14:28:28,175: ERROR: app: Exception on /predict [POST]]
Traceback (most recent call last):
  File "/Users/kiranprasadjp/Documents/Pros/KidneyTumorCNNclassifier/.venv/lib/python3.10/site-packages/flask/app.py", line 1511, in wsgi_app
    response = self.full_dispatch_request()
  File "/Users/kiranprasadjp/Documents/Pros/KidneyTumorCNNclassifier/.venv/lib/python3.10/site-packages/flask/app.py", line 919, in full_dispatch_request
    rv = self.handle_user_exception(e)
  File "/Users/kiranprasadjp/Documents/Pros/KidneyTumorCNNclassifier/.venv/lib/python3.10/site-packages/flask_cors/extension.py", line 176, in wrapped_function
    return cors_after_request(app.make_response(f(*args, **kwargs)))
  File "/Users/kiranprasadjp/Documents/Pros/KidneyTumorCNNclassifier/.venv/lib/python3.10/site-packages/flask/app.py", line 917, in full_dispatch_request
    rv = self.dispatch_request()
  File "/Users/kiranprasadjp/Documents/Pros/KidneyTumorCNNclassifier/.venv/lib/python3.10/site-packages/flask/app.py", line 902, in dispatch_request
    return self.ensure_sync(self.view_functions[rule.endpoint])(**view_args)  # type: ignore[no-any-return]
  File "/Users/kiranprasadjp/Documents/Pros/KidneyTumorCNNclassifier/.venv/lib/python3.10/site-packages/flask_cors/decorator.py", line 121, in wrapped_function
    resp = make_response(f(*args, **kwargs))
  File "/Users/kiranprasadjp/Documents/Pros/KidneyTumorCNNclassifier/app.py", line 40, in predictRoute
    result = clApp.classifier.predict()
  File "/Users/kiranprasadjp/Documents/Pros/KidneyTumorCNNclassifier/src/cnnClassifier/pipeline/predict.py", line 16, in predict
    model = load_model(os.path.join("model", "model.h5"))
  File "/Users/kiranprasadjp/Documents/Pros/KidneyTumorCNNclassifier/.venv/lib/python3.10/site-packages/keras/saving/saving_api.py", line 212, in load_model
    return legacy_sm_saving_lib.load_model(
  File "/Users/kiranprasadjp/Documents/Pros/KidneyTumorCNNclassifier/.venv/lib/python3.10/site-packages/keras/utils/traceback_utils.py", line 70, in error_handler
    raise e.with_traceback(filtered_tb) from None
  File "/Users/kiranprasadjp/Documents/Pros/KidneyTumorCNNclassifier/.venv/lib/python3.10/site-packages/keras/saving/legacy/save.py", line 230, in load_model
    raise IOError(
OSError: No file or directory found at model/model.h5
[2026-03-21 14:28:28,182: INFO: _internal: 10.0.0.24 - - [21/Mar/2026 14:28:28] "[35m[1mPOST /predict HTTP/1.1[0m" 500 -]
[2026-03-21 14:28:28,777: ERROR: app: Exception on /predict [POST]]
Traceback (most recent call last):
  File "/Users/kiranprasadjp/Documents/Pros/KidneyTumorCNNclassifier/.venv/lib/python3.10/site-packages/flask/app.py", line 1511, in wsgi_app
    response = self.full_dispatch_request()
  File "/Users/kiranprasadjp/Documents/Pros/KidneyTumorCNNclassifier/.venv/lib/python3.10/site-packages/flask/app.py", line 919, in full_dispatch_request
    rv = self.handle_user_exception(e)
  File "/Users/kiranprasadjp/Documents/Pros/KidneyTumorCNNclassifier/.venv/lib/python3.10/site-packages/flask_cors/extension.py", line 176, in wrapped_function
    return cors_after_request(app.make_response(f(*args, **kwargs)))
  File "/Users/kiranprasadjp/Documents/Pros/KidneyTumorCNNclassifier/.venv/lib/python3.10/site-packages/flask/app.py", line 917, in full_dispatch_request
    rv = self.dispatch_request()
  File "/Users/kiranprasadjp/Documents/Pros/KidneyTumorCNNclassifier/.venv/lib/python3.10/site-packages/flask/app.py", line 902, in dispatch_request
    return self.ensure_sync(self.view_functions[rule.endpoint])(**view_args)  # type: ignore[no-any-return]
  File "/Users/kiranprasadjp/Documents/Pros/KidneyTumorCNNclassifier/.venv/lib/python3.10/site-packages/flask_cors/decorator.py", line 121, in wrapped_function
    resp = make_response(f(*args, **kwargs))
  File "/Users/kiranprasadjp/Documents/Pros/KidneyTumorCNNclassifier/app.py", line 40, in predictRoute
    result = clApp.classifier.predict()
  File "/Users/kiranprasadjp/Documents/Pros/KidneyTumorCNNclassifier/src/cnnClassifier/pipeline/predict.py", line 16, in predict
    model = load_model(os.path.join("model", "model.h5"))
  File "/Users/kiranprasadjp/Documents/Pros/KidneyTumorCNNclassifier/.venv/lib/python3.10/site-packages/keras/saving/saving_api.py", line 212, in load_model
    return legacy_sm_saving_lib.load_model(
  File "/Users/kiranprasadjp/Documents/Pros/KidneyTumorCNNclassifier/.venv/lib/python3.10/site-packages/keras/utils/traceback_utils.py", line 70, in error_handler
    raise e.with_traceback(filtered_tb) from None
  File "/Users/kiranprasadjp/Documents/Pros/KidneyTumorCNNclassifier/.venv/lib/python3.10/site-packages/keras/saving/legacy/save.py", line 230, in load_model
    raise IOError(
OSError: No file or directory found at model/model.h5
[2026-03-21 14:28:28,779: INFO: _internal: 10.0.0.24 - - [21/Mar/2026 14:28:28] "[35m[1mPOST /predict HTTP/1.1[0m" 500 -]
[2026-03-21 14:28:28,961: ERROR: app: Exception on /predict [POST]]
Traceback (most recent call last):
  File "/Users/kiranprasadjp/Documents/Pros/KidneyTumorCNNclassifier/.venv/lib/python3.10/site-packages/flask/app.py", line 1511, in wsgi_app
    response = self.full_dispatch_request()
  File "/Users/kiranprasadjp/Documents/Pros/KidneyTumorCNNclassifier/.venv/lib/python3.10/site-packages/flask/app.py", line 919, in full_dispatch_request
    rv = self.handle_user_exception(e)
  File "/Users/kiranprasadjp/Documents/Pros/KidneyTumorCNNclassifier/.venv/lib/python3.10/site-packages/flask_cors/extension.py", line 176, in wrapped_function
    return cors_after_request(app.make_response(f(*args, **kwargs)))
  File "/Users/kiranprasadjp/Documents/Pros/KidneyTumorCNNclassifier/.venv/lib/python3.10/site-packages/flask/app.py", line 917, in full_dispatch_request
    rv = self.dispatch_request()
  File "/Users/kiranprasadjp/Documents/Pros/KidneyTumorCNNclassifier/.venv/lib/python3.10/site-packages/flask/app.py", line 902, in dispatch_request
    return self.ensure_sync(self.view_functions[rule.endpoint])(**view_args)  # type: ignore[no-any-return]
  File "/Users/kiranprasadjp/Documents/Pros/KidneyTumorCNNclassifier/.venv/lib/python3.10/site-packages/flask_cors/decorator.py", line 121, in wrapped_function
    resp = make_response(f(*args, **kwargs))
  File "/Users/kiranprasadjp/Documents/Pros/KidneyTumorCNNclassifier/app.py", line 40, in predictRoute
    result = clApp.classifier.predict()
  File "/Users/kiranprasadjp/Documents/Pros/KidneyTumorCNNclassifier/src/cnnClassifier/pipeline/predict.py", line 16, in predict
    model = load_model(os.path.join("model", "model.h5"))
  File "/Users/kiranprasadjp/Documents/Pros/KidneyTumorCNNclassifier/.venv/lib/python3.10/site-packages/keras/saving/saving_api.py", line 212, in load_model
    return legacy_sm_saving_lib.load_model(
  File "/Users/kiranprasadjp/Documents/Pros/KidneyTumorCNNclassifier/.venv/lib/python3.10/site-packages/keras/utils/traceback_utils.py", line 70, in error_handler
    raise e.with_traceback(filtered_tb) from None
  File "/Users/kiranprasadjp/Documents/Pros/KidneyTumorCNNclassifier/.venv/lib/python3.10/site-packages/keras/saving/legacy/save.py", line 230, in load_model
    raise IOError(
OSError: No file or directory found at model/model.h5
[2026-03-21 14:28:28,962: INFO: _internal: 10.0.0.24 - - [21/Mar/2026 14:28:28] "[35m[1mPOST /predict HTTP/1.1[0m" 500 -]
[2026-03-21 14:28:29,127: ERROR: app: Exception on /predict [POST]]
Traceback (most recent call last):
  File "/Users/kiranprasadjp/Documents/Pros/KidneyTumorCNNclassifier/.venv/lib/python3.10/site-packages/flask/app.py", line 1511, in wsgi_app
    response = self.full_dispatch_request()
  File "/Users/kiranprasadjp/Documents/Pros/KidneyTumorCNNclassifier/.venv/lib/python3.10/site-packages/flask/app.py", line 919, in full_dispatch_request
    rv = self.handle_user_exception(e)
  File "/Users/kiranprasadjp/Documents/Pros/KidneyTumorCNNclassifier/.venv/lib/python3.10/site-packages/flask_cors/extension.py", line 176, in wrapped_function
    return cors_after_request(app.make_response(f(*args, **kwargs)))
  File "/Users/kiranprasadjp/Documents/Pros/KidneyTumorCNNclassifier/.venv/lib/python3.10/site-packages/flask/app.py", line 917, in full_dispatch_request
    rv = self.dispatch_request()
  File "/Users/kiranprasadjp/Documents/Pros/KidneyTumorCNNclassifier/.venv/lib/python3.10/site-packages/flask/app.py", line 902, in dispatch_request
    return self.ensure_sync(self.view_functions[rule.endpoint])(**view_args)  # type: ignore[no-any-return]
  File "/Users/kiranprasadjp/Documents/Pros/KidneyTumorCNNclassifier/.venv/lib/python3.10/site-packages/flask_cors/decorator.py", line 121, in wrapped_function
    resp = make_response(f(*args, **kwargs))
  File "/Users/kiranprasadjp/Documents/Pros/KidneyTumorCNNclassifier/app.py", line 40, in predictRoute
    result = clApp.classifier.predict()
  File "/Users/kiranprasadjp/Documents/Pros/KidneyTumorCNNclassifier/src/cnnClassifier/pipeline/predict.py", line 16, in predict
    model = load_model(os.path.join("model", "model.h5"))
  File "/Users/kiranprasadjp/Documents/Pros/KidneyTumorCNNclassifier/.venv/lib/python3.10/site-packages/keras/saving/saving_api.py", line 212, in load_model
    return legacy_sm_saving_lib.load_model(
  File "/Users/kiranprasadjp/Documents/Pros/KidneyTumorCNNclassifier/.venv/lib/python3.10/site-packages/keras/utils/traceback_utils.py", line 70, in error_handler
    raise e.with_traceback(filtered_tb) from None
  File "/Users/kiranprasadjp/Documents/Pros/KidneyTumorCNNclassifier/.venv/lib/python3.10/site-packages/keras/saving/legacy/save.py", line 230, in load_model
    raise IOError(
OSError: No file or directory found at model/model.h5
[2026-03-21 14:28:29,128: INFO: _internal: 10.0.0.24 - - [21/Mar/2026 14:28:29] "[35m[1mPOST /predict HTTP/1.1[0m" 500 -]
[2026-03-21 14:28:29,261: ERROR: app: Exception on /predict [POST]]
Traceback (most recent call last):
  File "/Users/kiranprasadjp/Documents/Pros/KidneyTumorCNNclassifier/.venv/lib/python3.10/site-packages/flask/app.py", line 1511, in wsgi_app
    response = self.full_dispatch_request()
  File "/Users/kiranprasadjp/Documents/Pros/KidneyTumorCNNclassifier/.venv/lib/python3.10/site-packages/flask/app.py", line 919, in full_dispatch_request
    rv = self.handle_user_exception(e)
  File "/Users/kiranprasadjp/Documents/Pros/KidneyTumorCNNclassifier/.venv/lib/python3.10/site-packages/flask_cors/extension.py", line 176, in wrapped_function
    return cors_after_request(app.make_response(f(*args, **kwargs)))
  File "/Users/kiranprasadjp/Documents/Pros/KidneyTumorCNNclassifier/.venv/lib/python3.10/site-packages/flask/app.py", line 917, in full_dispatch_request
    rv = self.dispatch_request()
  File "/Users/kiranprasadjp/Documents/Pros/KidneyTumorCNNclassifier/.venv/lib/python3.10/site-packages/flask/app.py", line 902, in dispatch_request
    return self.ensure_sync(self.view_functions[rule.endpoint])(**view_args)  # type: ignore[no-any-return]
  File "/Users/kiranprasadjp/Documents/Pros/KidneyTumorCNNclassifier/.venv/lib/python3.10/site-packages/flask_cors/decorator.py", line 121, in wrapped_function
    resp = make_response(f(*args, **kwargs))
  File "/Users/kiranprasadjp/Documents/Pros/KidneyTumorCNNclassifier/app.py", line 40, in predictRoute
    result = clApp.classifier.predict()
  File "/Users/kiranprasadjp/Documents/Pros/KidneyTumorCNNclassifier/src/cnnClassifier/pipeline/predict.py", line 16, in predict
    model = load_model(os.path.join("model", "model.h5"))
  File "/Users/kiranprasadjp/Documents/Pros/KidneyTumorCNNclassifier/.venv/lib/python3.10/site-packages/keras/saving/saving_api.py", line 212, in load_model
    return legacy_sm_saving_lib.load_model(
  File "/Users/kiranprasadjp/Documents/Pros/KidneyTumorCNNclassifier/.venv/lib/python3.10/site-packages/keras/utils/traceback_utils.py", line 70, in error_handler
    raise e.with_traceback(filtered_tb) from None
  File "/Users/kiranprasadjp/Documents/Pros/KidneyTumorCNNclassifier/.venv/lib/python3.10/site-packages/keras/saving/legacy/save.py", line 230, in load_model
    raise IOError(
OSError: No file or directory found at model/model.h5
[2026-03-21 14:28:29,262: INFO: _internal: 10.0.0.24 - - [21/Mar/2026 14:28:29] "[35m[1mPOST /predict HTTP/1.1[0m" 500 -]
[2026-03-21 14:28:29,412: ERROR: app: Exception on /predict [POST]]
Traceback (most recent call last):
  File "/Users/kiranprasadjp/Documents/Pros/KidneyTumorCNNclassifier/.venv/lib/python3.10/site-packages/flask/app.py", line 1511, in wsgi_app
    response = self.full_dispatch_request()
  File "/Users/kiranprasadjp/Documents/Pros/KidneyTumorCNNclassifier/.venv/lib/python3.10/site-packages/flask/app.py", line 919, in full_dispatch_request
    rv = self.handle_user_exception(e)
  File "/Users/kiranprasadjp/Documents/Pros/KidneyTumorCNNclassifier/.venv/lib/python3.10/site-packages/flask_cors/extension.py", line 176, in wrapped_function
    return cors_after_request(app.make_response(f(*args, **kwargs)))
  File "/Users/kiranprasadjp/Documents/Pros/KidneyTumorCNNclassifier/.venv/lib/python3.10/site-packages/flask/app.py", line 917, in full_dispatch_request
    rv = self.dispatch_request()
  File "/Users/kiranprasadjp/Documents/Pros/KidneyTumorCNNclassifier/.venv/lib/python3.10/site-packages/flask/app.py", line 902, in dispatch_request
    return self.ensure_sync(self.view_functions[rule.endpoint])(**view_args)  # type: ignore[no-any-return]
  File "/Users/kiranprasadjp/Documents/Pros/KidneyTumorCNNclassifier/.venv/lib/python3.10/site-packages/flask_cors/decorator.py", line 121, in wrapped_function
    resp = make_response(f(*args, **kwargs))
  File "/Users/kiranprasadjp/Documents/Pros/KidneyTumorCNNclassifier/app.py", line 40, in predictRoute
    result = clApp.classifier.predict()
  File "/Users/kiranprasadjp/Documents/Pros/KidneyTumorCNNclassifier/src/cnnClassifier/pipeline/predict.py", line 16, in predict
    model = load_model(os.path.join("model", "model.h5"))
  File "/Users/kiranprasadjp/Documents/Pros/KidneyTumorCNNclassifier/.venv/lib/python3.10/site-packages/keras/saving/saving_api.py", line 212, in load_model
    return legacy_sm_saving_lib.load_model(
  File "/Users/kiranprasadjp/Documents/Pros/KidneyTumorCNNclassifier/.venv/lib/python3.10/site-packages/keras/utils/traceback_utils.py", line 70, in error_handler
    raise e.with_traceback(filtered_tb) from None
  File "/Users/kiranprasadjp/Documents/Pros/KidneyTumorCNNclassifier/.venv/lib/python3.10/site-packages/keras/saving/legacy/save.py", line 230, in load_model
    raise IOError(
OSError: No file or directory found at model/model.h5
[2026-03-21 14:28:29,412: INFO: _internal: 10.0.0.24 - - [21/Mar/2026 14:28:29] "[35m[1mPOST /predict HTTP/1.1[0m" 500 -]
[2026-03-21 14:31:20,749: INFO: _internal: 10.0.0.24 - - [21/Mar/2026 14:31:20] "POST /predict HTTP/1.1" 200 -]
[2026-03-21 14:32:06,552: INFO: _internal: 10.0.0.24 - - [21/Mar/2026 14:32:06] "POST /predict HTTP/1.1" 200 -]
[2026-03-21 14:32:19,101: INFO: _internal: 10.0.0.24 - - [21/Mar/2026 14:32:19] "POST /predict HTTP/1.1" 200 -]
[2026-03-21 14:32:30,320: INFO: _internal: 10.0.0.24 - - [21/Mar/2026 14:32:30] "POST /predict HTTP/1.1" 200 -]
[2026-03-21 14:33:53,719: INFO: stage_02_prepare_base_model: *******************]
[2026-03-21 14:33:53,719: INFO: stage_02_prepare_base_model: >>>>>> stage Prepare base model started <<<<<<]
[2026-03-21 14:33:53,720: INFO: common: yaml file: config/config.yaml loaded successfully]
[2026-03-21 14:33:53,721: INFO: common: yaml file: params.yaml loaded successfully]
[2026-03-21 14:33:53,721: INFO: common: created directory at: artifacts]
[2026-03-21 14:33:53,721: INFO: common: created directory at: artifacts/prepare_base_model]
[2026-03-21 14:33:54,483: WARNING: saving_utils: Compiled the loaded model, but the compiled metrics have yet to be built. `model.compile_metrics` will be empty until you train or evaluate the model.]
[2026-03-21 14:33:54,745: WARNING: optimizer: At this time, the v2.11+ optimizer `tf.keras.optimizers.SGD` runs slowly on M1/M2 Macs, please use the legacy Keras optimizer instead, located at `tf.keras.optimizers.legacy.SGD`.]
[2026-03-21 14:33:54,747: WARNING: __init__: There is a known slowdown when using v2.11+ Keras optimizers on M1/M2 Macs. Falling back to the legacy Keras optimizer, i.e., `tf.keras.optimizers.legacy.SGD`.]
[2026-03-21 14:33:54,992: INFO: stage_02_prepare_base_model: >>>>>> stage Prepare base model completed <<<<<<

x==========x]
[2026-03-21 14:33:58,889: INFO: stage_03_training: *******************]
[2026-03-21 14:33:58,889: INFO: stage_03_training: >>>>>> stage Training started <<<<<<]
[2026-03-21 14:33:58,890: INFO: common: yaml file: config/config.yaml loaded successfully]
[2026-03-21 14:33:58,891: INFO: common: yaml file: params.yaml loaded successfully]
[2026-03-21 14:33:58,891: INFO: common: created directory at: artifacts]
[2026-03-21 14:33:58,891: INFO: common: created directory at: artifacts/prepare_callbacks/checkpoint_dir]
[2026-03-21 14:33:58,891: INFO: common: created directory at: artifacts/prepare_callbacks/tensorboard_log_dir]
[2026-03-21 14:33:58,891: INFO: common: created directory at: artifacts/training]
[2026-03-21 14:35:03,599: INFO: stage_03_training: >>>>>> stage Training completed <<<<<<

x==========x]
[2026-03-21 14:35:09,380: INFO: stage_04_evaluation: *******************]
[2026-03-21 14:35:09,381: INFO: stage_04_evaluation: >>>>>> stage Evaluation stage started <<<<<<]
[2026-03-21 14:35:09,382: INFO: common: yaml file: config/config.yaml loaded successfully]
[2026-03-21 14:35:09,382: INFO: common: yaml file: params.yaml loaded successfully]
[2026-03-21 14:35:09,383: INFO: common: created directory at: artifacts]
[2026-03-21 14:35:09,681: INFO: _client: HTTP Request: GET https://dagshub.com/api/v1/user "HTTP/1.1 200 OK"]
[2026-03-21 14:35:09,686: INFO: helpers: Accessing as captainkiran0158]
[2026-03-21 14:35:09,970: INFO: _client: HTTP Request: GET https://dagshub.com/api/v1/repos/captainkiran0158/KidneyTumorCNNclassifier "HTTP/1.1 200 OK"]
[2026-03-21 14:35:10,206: INFO: _client: HTTP Request: GET https://dagshub.com/api/v1/user "HTTP/1.1 200 OK"]
[2026-03-21 14:35:10,209: INFO: helpers: Initialized MLflow to track repo "captainkiran0158/KidneyTumorCNNclassifier"]
[2026-03-21 14:35:10,210: INFO: helpers: Repository captainkiran0158/KidneyTumorCNNclassifier initialized!]
[2026-03-21 14:35:12,304: INFO: common: json file saved at: scores.json]
[2026-03-21 14:35:12,304: INFO: stage_04_evaluation: >>>>>> stage Evaluation stage completed <<<<<<

x==========x]
[2026-03-21 14:36:09,528: WARNING: polymorphic_function: 5 out of the last 5 calls to <function Model.make_predict_function.<locals>.predict_function at 0x14d9c7640> triggered tf.function retracing. Tracing is expensive and the excessive number of tracings could be due to (1) creating @tf.function repeatedly in a loop, (2) passing tensors with different shapes, (3) passing Python objects instead of tensors. For (1), please define your @tf.function outside of the loop. For (2), @tf.function has reduce_retracing=True option that can avoid unnecessary retracing. For (3), please refer to https://www.tensorflow.org/guide/function#controlling_retracing and https://www.tensorflow.org/api_docs/python/tf/function for  more details.]
[2026-03-21 14:36:09,530: INFO: _internal: 10.0.0.24 - - [21/Mar/2026 14:36:09] "POST /predict HTTP/1.1" 200 -]
[2026-03-21 14:36:16,700: WARNING: polymorphic_function: 6 out of the last 6 calls to <function Model.make_predict_function.<locals>.predict_function at 0x14d9c7be0> triggered tf.function retracing. Tracing is expensive and the excessive number of tracings could be due to (1) creating @tf.function repeatedly in a loop, (2) passing tensors with different shapes, (3) passing Python objects instead of tensors. For (1), please define your @tf.function outside of the loop. For (2), @tf.function has reduce_retracing=True option that can avoid unnecessary retracing. For (3), please refer to https://www.tensorflow.org/guide/function#controlling_retracing and https://www.tensorflow.org/api_docs/python/tf/function for  more details.]
[2026-03-21 14:36:16,703: INFO: _internal: 10.0.0.24 - - [21/Mar/2026 14:36:16] "POST /predict HTTP/1.1" 200 -]
[2026-03-21 14:36:26,268: INFO: _internal: 10.0.0.24 - - [21/Mar/2026 14:36:26] "POST /predict HTTP/1.1" 200 -]
[2026-03-21 14:36:32,129: INFO: _internal: 10.0.0.24 - - [21/Mar/2026 14:36:32] "POST /predict HTTP/1.1" 200 -]
[2026-03-21 14:37:57,735: INFO: _internal: 10.0.0.24 - - [21/Mar/2026 14:37:57] "POST /predict HTTP/1.1" 200 -]
[2026-03-21 14:38:10,449: INFO: _internal: 10.0.0.24 - - [21/Mar/2026 14:38:10] "POST /predict HTTP/1.1" 200 -]
[2026-03-21 14:38:31,611: INFO: stage_03_training: *******************]
[2026-03-21 14:38:31,611: INFO: stage_03_training: >>>>>> stage Training started <<<<<<]
[2026-03-21 14:38:31,612: INFO: common: yaml file: config/config.yaml loaded successfully]
[2026-03-21 14:38:31,613: INFO: common: yaml file: params.yaml loaded successfully]
[2026-03-21 14:38:31,613: INFO: common: created directory at: artifacts]
[2026-03-21 14:38:31,613: INFO: common: created directory at: artifacts/prepare_callbacks/checkpoint_dir]
[2026-03-21 14:38:31,613: INFO: common: created directory at: artifacts/prepare_callbacks/tensorboard_log_dir]
[2026-03-21 14:38:31,614: INFO: common: created directory at: artifacts/training]
[2026-03-21 14:38:36,763: INFO: stage_03_training: >>>>>> stage Training completed <<<<<<

x==========x]
[2026-03-21 14:38:41,740: INFO: stage_04_evaluation: *******************]
[2026-03-21 14:38:41,740: INFO: stage_04_evaluation: >>>>>> stage Evaluation stage started <<<<<<]
[2026-03-21 14:38:41,742: INFO: common: yaml file: config/config.yaml loaded successfully]
[2026-03-21 14:38:41,743: INFO: common: yaml file: params.yaml loaded successfully]
[2026-03-21 14:38:41,743: INFO: common: created directory at: artifacts]
[2026-03-21 14:38:42,021: INFO: _client: HTTP Request: GET https://dagshub.com/api/v1/user "HTTP/1.1 200 OK"]
[2026-03-21 14:38:42,027: INFO: helpers: Accessing as captainkiran0158]
[2026-03-21 14:38:42,344: INFO: _client: HTTP Request: GET https://dagshub.com/api/v1/repos/captainkiran0158/KidneyTumorCNNclassifier "HTTP/1.1 200 OK"]
[2026-03-21 14:38:42,653: INFO: _client: HTTP Request: GET https://dagshub.com/api/v1/user "HTTP/1.1 200 OK"]
[2026-03-21 14:38:42,654: INFO: helpers: Initialized MLflow to track repo "captainkiran0158/KidneyTumorCNNclassifier"]
[2026-03-21 14:38:42,655: INFO: helpers: Repository captainkiran0158/KidneyTumorCNNclassifier initialized!]
[2026-03-21 14:38:44,713: INFO: common: json file saved at: scores.json]
[2026-03-21 14:38:44,713: INFO: stage_04_evaluation: >>>>>> stage Evaluation stage completed <<<<<<

x==========x]
[2026-03-21 14:40:24,167: INFO: _internal: [31m[1mWARNING: This is a development server. Do not use it in a production deployment. Use a production WSGI server instead.[0m
 * Running on all addresses (0.0.0.0)
 * Running on http://127.0.0.1:8080
 * Running on http://10.0.0.24:8080]
[2026-03-21 14:40:24,167: INFO: _internal: [33mPress CTRL+C to quit[0m]
[2026-03-21 14:40:27,830: INFO: _internal: 127.0.0.1 - - [21/Mar/2026 14:40:27] "GET / HTTP/1.1" 200 -]
[2026-03-21 14:40:28,310: INFO: _internal: 127.0.0.1 - - [21/Mar/2026 14:40:28] "[33mGET /favicon.ico HTTP/1.1[0m" 404 -]
[2026-03-21 14:40:38,426: ERROR: app: Exception on /predict [POST]]
Traceback (most recent call last):
  File "/Users/kiranprasadjp/Documents/Pros/KidneyTumorCNNclassifier/.venv/lib/python3.10/site-packages/flask/app.py", line 1511, in wsgi_app
    response = self.full_dispatch_request()
  File "/Users/kiranprasadjp/Documents/Pros/KidneyTumorCNNclassifier/.venv/lib/python3.10/site-packages/flask/app.py", line 919, in full_dispatch_request
    rv = self.handle_user_exception(e)
  File "/Users/kiranprasadjp/Documents/Pros/KidneyTumorCNNclassifier/.venv/lib/python3.10/site-packages/flask_cors/extension.py", line 176, in wrapped_function
    return cors_after_request(app.make_response(f(*args, **kwargs)))
  File "/Users/kiranprasadjp/Documents/Pros/KidneyTumorCNNclassifier/.venv/lib/python3.10/site-packages/flask/app.py", line 917, in full_dispatch_request
    rv = self.dispatch_request()
  File "/Users/kiranprasadjp/Documents/Pros/KidneyTumorCNNclassifier/.venv/lib/python3.10/site-packages/flask/app.py", line 902, in dispatch_request
    return self.ensure_sync(self.view_functions[rule.endpoint])(**view_args)  # type: ignore[no-any-return]
  File "/Users/kiranprasadjp/Documents/Pros/KidneyTumorCNNclassifier/.venv/lib/python3.10/site-packages/flask_cors/decorator.py", line 121, in wrapped_function
    resp = make_response(f(*args, **kwargs))
  File "/Users/kiranprasadjp/Documents/Pros/KidneyTumorCNNclassifier/app.py", line 40, in predictRoute
    result = clApp.classifier.predict()
  File "/Users/kiranprasadjp/Documents/Pros/KidneyTumorCNNclassifier/src/cnnClassifier/pipeline/predict.py", line 16, in predict
    model = load_model(os.path.join("artifact","training", "model.h5"))
  File "/Users/kiranprasadjp/Documents/Pros/KidneyTumorCNNclassifier/.venv/lib/python3.10/site-packages/keras/saving/saving_api.py", line 212, in load_model
    return legacy_sm_saving_lib.load_model(
  File "/Users/kiranprasadjp/Documents/Pros/KidneyTumorCNNclassifier/.venv/lib/python3.10/site-packages/keras/utils/traceback_utils.py", line 70, in error_handler
    raise e.with_traceback(filtered_tb) from None
  File "/Users/kiranprasadjp/Documents/Pros/KidneyTumorCNNclassifier/.venv/lib/python3.10/site-packages/keras/saving/legacy/save.py", line 230, in load_model
    raise IOError(
OSError: No file or directory found at artifact/training/model.h5
[2026-03-21 14:40:38,431: INFO: _internal: 127.0.0.1 - - [21/Mar/2026 14:40:38] "[35m[1mPOST /predict HTTP/1.1[0m" 500 -]
[2026-03-21 14:40:39,157: ERROR: app: Exception on /predict [POST]]
Traceback (most recent call last):
  File "/Users/kiranprasadjp/Documents/Pros/KidneyTumorCNNclassifier/.venv/lib/python3.10/site-packages/flask/app.py", line 1511, in wsgi_app
    response = self.full_dispatch_request()
  File "/Users/kiranprasadjp/Documents/Pros/KidneyTumorCNNclassifier/.venv/lib/python3.10/site-packages/flask/app.py", line 919, in full_dispatch_request
    rv = self.handle_user_exception(e)
  File "/Users/kiranprasadjp/Documents/Pros/KidneyTumorCNNclassifier/.venv/lib/python3.10/site-packages/flask_cors/extension.py", line 176, in wrapped_function
    return cors_after_request(app.make_response(f(*args, **kwargs)))
  File "/Users/kiranprasadjp/Documents/Pros/KidneyTumorCNNclassifier/.venv/lib/python3.10/site-packages/flask/app.py", line 917, in full_dispatch_request
    rv = self.dispatch_request()
  File "/Users/kiranprasadjp/Documents/Pros/KidneyTumorCNNclassifier/.venv/lib/python3.10/site-packages/flask/app.py", line 902, in dispatch_request
    return self.ensure_sync(self.view_functions[rule.endpoint])(**view_args)  # type: ignore[no-any-return]
  File "/Users/kiranprasadjp/Documents/Pros/KidneyTumorCNNclassifier/.venv/lib/python3.10/site-packages/flask_cors/decorator.py", line 121, in wrapped_function
    resp = make_response(f(*args, **kwargs))
  File "/Users/kiranprasadjp/Documents/Pros/KidneyTumorCNNclassifier/app.py", line 40, in predictRoute
    result = clApp.classifier.predict()
  File "/Users/kiranprasadjp/Documents/Pros/KidneyTumorCNNclassifier/src/cnnClassifier/pipeline/predict.py", line 16, in predict
    model = load_model(os.path.join("artifact","training", "model.h5"))
  File "/Users/kiranprasadjp/Documents/Pros/KidneyTumorCNNclassifier/.venv/lib/python3.10/site-packages/keras/saving/saving_api.py", line 212, in load_model
    return legacy_sm_saving_lib.load_model(
  File "/Users/kiranprasadjp/Documents/Pros/KidneyTumorCNNclassifier/.venv/lib/python3.10/site-packages/keras/utils/traceback_utils.py", line 70, in error_handler
    raise e.with_traceback(filtered_tb) from None
  File "/Users/kiranprasadjp/Documents/Pros/KidneyTumorCNNclassifier/.venv/lib/python3.10/site-packages/keras/saving/legacy/save.py", line 230, in load_model
    raise IOError(
OSError: No file or directory found at artifact/training/model.h5
[2026-03-21 14:40:39,158: INFO: _internal: 127.0.0.1 - - [21/Mar/2026 14:40:39] "[35m[1mPOST /predict HTTP/1.1[0m" 500 -]
[2026-03-21 14:40:55,507: ERROR: app: Exception on /predict [POST]]
Traceback (most recent call last):
  File "/Users/kiranprasadjp/Documents/Pros/KidneyTumorCNNclassifier/.venv/lib/python3.10/site-packages/flask/app.py", line 1511, in wsgi_app
    response = self.full_dispatch_request()
  File "/Users/kiranprasadjp/Documents/Pros/KidneyTumorCNNclassifier/.venv/lib/python3.10/site-packages/flask/app.py", line 919, in full_dispatch_request
    rv = self.handle_user_exception(e)
  File "/Users/kiranprasadjp/Documents/Pros/KidneyTumorCNNclassifier/.venv/lib/python3.10/site-packages/flask_cors/extension.py", line 176, in wrapped_function
    return cors_after_request(app.make_response(f(*args, **kwargs)))
  File "/Users/kiranprasadjp/Documents/Pros/KidneyTumorCNNclassifier/.venv/lib/python3.10/site-packages/flask/app.py", line 917, in full_dispatch_request
    rv = self.dispatch_request()
  File "/Users/kiranprasadjp/Documents/Pros/KidneyTumorCNNclassifier/.venv/lib/python3.10/site-packages/flask/app.py", line 902, in dispatch_request
    return self.ensure_sync(self.view_functions[rule.endpoint])(**view_args)  # type: ignore[no-any-return]
  File "/Users/kiranprasadjp/Documents/Pros/KidneyTumorCNNclassifier/.venv/lib/python3.10/site-packages/flask_cors/decorator.py", line 121, in wrapped_function
    resp = make_response(f(*args, **kwargs))
  File "/Users/kiranprasadjp/Documents/Pros/KidneyTumorCNNclassifier/app.py", line 40, in predictRoute
    result = clApp.classifier.predict()
  File "/Users/kiranprasadjp/Documents/Pros/KidneyTumorCNNclassifier/src/cnnClassifier/pipeline/predict.py", line 16, in predict
    model = load_model(os.path.join("artifacts","training", "model.h5"))
  File "/Users/kiranprasadjp/Documents/Pros/KidneyTumorCNNclassifier/.venv/lib/python3.10/site-packages/keras/saving/saving_api.py", line 212, in load_model
    return legacy_sm_saving_lib.load_model(
  File "/Users/kiranprasadjp/Documents/Pros/KidneyTumorCNNclassifier/.venv/lib/python3.10/site-packages/keras/utils/traceback_utils.py", line 70, in error_handler
    raise e.with_traceback(filtered_tb) from None
  File "/Users/kiranprasadjp/Documents/Pros/KidneyTumorCNNclassifier/.venv/lib/python3.10/site-packages/keras/saving/legacy/save.py", line 230, in load_model
    raise IOError(
OSError: No file or directory found at artifact/training/model.h5
[2026-03-21 14:40:55,509: INFO: _internal: 127.0.0.1 - - [21/Mar/2026 14:40:55] "[35m[1mPOST /predict HTTP/1.1[0m" 500 -]
[2026-03-21 14:40:56,340: ERROR: app: Exception on /predict [POST]]
Traceback (most recent call last):
  File "/Users/kiranprasadjp/Documents/Pros/KidneyTumorCNNclassifier/.venv/lib/python3.10/site-packages/flask/app.py", line 1511, in wsgi_app
    response = self.full_dispatch_request()
  File "/Users/kiranprasadjp/Documents/Pros/KidneyTumorCNNclassifier/.venv/lib/python3.10/site-packages/flask/app.py", line 919, in full_dispatch_request
    rv = self.handle_user_exception(e)
  File "/Users/kiranprasadjp/Documents/Pros/KidneyTumorCNNclassifier/.venv/lib/python3.10/site-packages/flask_cors/extension.py", line 176, in wrapped_function
    return cors_after_request(app.make_response(f(*args, **kwargs)))
  File "/Users/kiranprasadjp/Documents/Pros/KidneyTumorCNNclassifier/.venv/lib/python3.10/site-packages/flask/app.py", line 917, in full_dispatch_request
    rv = self.dispatch_request()
  File "/Users/kiranprasadjp/Documents/Pros/KidneyTumorCNNclassifier/.venv/lib/python3.10/site-packages/flask/app.py", line 902, in dispatch_request
    return self.ensure_sync(self.view_functions[rule.endpoint])(**view_args)  # type: ignore[no-any-return]
  File "/Users/kiranprasadjp/Documents/Pros/KidneyTumorCNNclassifier/.venv/lib/python3.10/site-packages/flask_cors/decorator.py", line 121, in wrapped_function
    resp = make_response(f(*args, **kwargs))
  File "/Users/kiranprasadjp/Documents/Pros/KidneyTumorCNNclassifier/app.py", line 40, in predictRoute
    result = clApp.classifier.predict()
  File "/Users/kiranprasadjp/Documents/Pros/KidneyTumorCNNclassifier/src/cnnClassifier/pipeline/predict.py", line 16, in predict
    model = load_model(os.path.join("artifacts","training", "model.h5"))
  File "/Users/kiranprasadjp/Documents/Pros/KidneyTumorCNNclassifier/.venv/lib/python3.10/site-packages/keras/saving/saving_api.py", line 212, in load_model
    return legacy_sm_saving_lib.load_model(
  File "/Users/kiranprasadjp/Documents/Pros/KidneyTumorCNNclassifier/.venv/lib/python3.10/site-packages/keras/utils/traceback_utils.py", line 70, in error_handler
    raise e.with_traceback(filtered_tb) from None
  File "/Users/kiranprasadjp/Documents/Pros/KidneyTumorCNNclassifier/.venv/lib/python3.10/site-packages/keras/saving/legacy/save.py", line 230, in load_model
    raise IOError(
OSError: No file or directory found at artifact/training/model.h5
[2026-03-21 14:40:56,341: INFO: _internal: 127.0.0.1 - - [21/Mar/2026 14:40:56] "[35m[1mPOST /predict HTTP/1.1[0m" 500 -]
[2026-03-21 14:40:56,487: ERROR: app: Exception on /predict [POST]]
Traceback (most recent call last):
  File "/Users/kiranprasadjp/Documents/Pros/KidneyTumorCNNclassifier/.venv/lib/python3.10/site-packages/flask/app.py", line 1511, in wsgi_app
    response = self.full_dispatch_request()
  File "/Users/kiranprasadjp/Documents/Pros/KidneyTumorCNNclassifier/.venv/lib/python3.10/site-packages/flask/app.py", line 919, in full_dispatch_request
    rv = self.handle_user_exception(e)
  File "/Users/kiranprasadjp/Documents/Pros/KidneyTumorCNNclassifier/.venv/lib/python3.10/site-packages/flask_cors/extension.py", line 176, in wrapped_function
    return cors_after_request(app.make_response(f(*args, **kwargs)))
  File "/Users/kiranprasadjp/Documents/Pros/KidneyTumorCNNclassifier/.venv/lib/python3.10/site-packages/flask/app.py", line 917, in full_dispatch_request
    rv = self.dispatch_request()
  File "/Users/kiranprasadjp/Documents/Pros/KidneyTumorCNNclassifier/.venv/lib/python3.10/site-packages/flask/app.py", line 902, in dispatch_request
    return self.ensure_sync(self.view_functions[rule.endpoint])(**view_args)  # type: ignore[no-any-return]
  File "/Users/kiranprasadjp/Documents/Pros/KidneyTumorCNNclassifier/.venv/lib/python3.10/site-packages/flask_cors/decorator.py", line 121, in wrapped_function
    resp = make_response(f(*args, **kwargs))
  File "/Users/kiranprasadjp/Documents/Pros/KidneyTumorCNNclassifier/app.py", line 40, in predictRoute
    result = clApp.classifier.predict()
  File "/Users/kiranprasadjp/Documents/Pros/KidneyTumorCNNclassifier/src/cnnClassifier/pipeline/predict.py", line 16, in predict
    model = load_model(os.path.join("artifacts","training", "model.h5"))
  File "/Users/kiranprasadjp/Documents/Pros/KidneyTumorCNNclassifier/.venv/lib/python3.10/site-packages/keras/saving/saving_api.py", line 212, in load_model
    return legacy_sm_saving_lib.load_model(
  File "/Users/kiranprasadjp/Documents/Pros/KidneyTumorCNNclassifier/.venv/lib/python3.10/site-packages/keras/utils/traceback_utils.py", line 70, in error_handler
    raise e.with_traceback(filtered_tb) from None
  File "/Users/kiranprasadjp/Documents/Pros/KidneyTumorCNNclassifier/.venv/lib/python3.10/site-packages/keras/saving/legacy/save.py", line 230, in load_model
    raise IOError(
OSError: No file or directory found at artifact/training/model.h5
[2026-03-21 14:40:56,487: INFO: _internal: 127.0.0.1 - - [21/Mar/2026 14:40:56] "[35m[1mPOST /predict HTTP/1.1[0m" 500 -]
[2026-03-21 14:40:56,654: ERROR: app: Exception on /predict [POST]]
Traceback (most recent call last):
  File "/Users/kiranprasadjp/Documents/Pros/KidneyTumorCNNclassifier/.venv/lib/python3.10/site-packages/flask/app.py", line 1511, in wsgi_app
    response = self.full_dispatch_request()
  File "/Users/kiranprasadjp/Documents/Pros/KidneyTumorCNNclassifier/.venv/lib/python3.10/site-packages/flask/app.py", line 919, in full_dispatch_request
    rv = self.handle_user_exception(e)
  File "/Users/kiranprasadjp/Documents/Pros/KidneyTumorCNNclassifier/.venv/lib/python3.10/site-packages/flask_cors/extension.py", line 176, in wrapped_function
    return cors_after_request(app.make_response(f(*args, **kwargs)))
  File "/Users/kiranprasadjp/Documents/Pros/KidneyTumorCNNclassifier/.venv/lib/python3.10/site-packages/flask/app.py", line 917, in full_dispatch_request
    rv = self.dispatch_request()
  File "/Users/kiranprasadjp/Documents/Pros/KidneyTumorCNNclassifier/.venv/lib/python3.10/site-packages/flask/app.py", line 902, in dispatch_request
    return self.ensure_sync(self.view_functions[rule.endpoint])(**view_args)  # type: ignore[no-any-return]
  File "/Users/kiranprasadjp/Documents/Pros/KidneyTumorCNNclassifier/.venv/lib/python3.10/site-packages/flask_cors/decorator.py", line 121, in wrapped_function
    resp = make_response(f(*args, **kwargs))
  File "/Users/kiranprasadjp/Documents/Pros/KidneyTumorCNNclassifier/app.py", line 40, in predictRoute
    result = clApp.classifier.predict()
  File "/Users/kiranprasadjp/Documents/Pros/KidneyTumorCNNclassifier/src/cnnClassifier/pipeline/predict.py", line 16, in predict
    model = load_model(os.path.join("artifacts","training", "model.h5"))
  File "/Users/kiranprasadjp/Documents/Pros/KidneyTumorCNNclassifier/.venv/lib/python3.10/site-packages/keras/saving/saving_api.py", line 212, in load_model
    return legacy_sm_saving_lib.load_model(
  File "/Users/kiranprasadjp/Documents/Pros/KidneyTumorCNNclassifier/.venv/lib/python3.10/site-packages/keras/utils/traceback_utils.py", line 70, in error_handler
    raise e.with_traceback(filtered_tb) from None
  File "/Users/kiranprasadjp/Documents/Pros/KidneyTumorCNNclassifier/.venv/lib/python3.10/site-packages/keras/saving/legacy/save.py", line 230, in load_model
    raise IOError(
OSError: No file or directory found at artifact/training/model.h5
[2026-03-21 14:40:56,655: INFO: _internal: 127.0.0.1 - - [21/Mar/2026 14:40:56] "[35m[1mPOST /predict HTTP/1.1[0m" 500 -]
[2026-03-21 14:41:14,023: INFO: _internal: [31m[1mWARNING: This is a development server. Do not use it in a production deployment. Use a production WSGI server instead.[0m
 * Running on all addresses (0.0.0.0)
 * Running on http://127.0.0.1:8080
 * Running on http://10.0.0.24:8080]
[2026-03-21 14:41:14,024: INFO: _internal: [33mPress CTRL+C to quit[0m]
[2026-03-21 14:41:16,377: INFO: _internal: 127.0.0.1 - - [21/Mar/2026 14:41:16] "GET / HTTP/1.1" 200 -]
[2026-03-21 14:41:22,594: INFO: _internal: 127.0.0.1 - - [21/Mar/2026 14:41:22] "POST /predict HTTP/1.1" 200 -]
[2026-03-21 14:45:36,596: INFO: stage_02_prepare_base_model: *******************]
[2026-03-21 14:45:36,596: INFO: stage_02_prepare_base_model: >>>>>> stage Prepare base model started <<<<<<]
[2026-03-21 14:45:36,597: INFO: common: yaml file: config/config.yaml loaded successfully]
[2026-03-21 14:45:36,598: INFO: common: yaml file: params.yaml loaded successfully]
[2026-03-21 14:45:36,598: INFO: common: created directory at: artifacts]
[2026-03-21 14:45:36,598: INFO: common: created directory at: artifacts/prepare_base_model]
[2026-03-21 14:45:37,054: WARNING: saving_utils: Compiled the loaded model, but the compiled metrics have yet to be built. `model.compile_metrics` will be empty until you train or evaluate the model.]
[2026-03-21 14:45:37,202: WARNING: optimizer: At this time, the v2.11+ optimizer `tf.keras.optimizers.SGD` runs slowly on M1/M2 Macs, please use the legacy Keras optimizer instead, located at `tf.keras.optimizers.legacy.SGD`.]
[2026-03-21 14:45:37,205: WARNING: __init__: There is a known slowdown when using v2.11+ Keras optimizers on M1/M2 Macs. Falling back to the legacy Keras optimizer, i.e., `tf.keras.optimizers.legacy.SGD`.]
[2026-03-21 14:45:37,448: INFO: stage_02_prepare_base_model: >>>>>> stage Prepare base model completed <<<<<<

x==========x]
[2026-03-21 14:45:41,505: INFO: stage_03_training: *******************]
[2026-03-21 14:45:41,505: INFO: stage_03_training: >>>>>> stage Training started <<<<<<]
[2026-03-21 14:45:41,506: INFO: common: yaml file: config/config.yaml loaded successfully]
[2026-03-21 14:45:41,507: INFO: common: yaml file: params.yaml loaded successfully]
[2026-03-21 14:45:41,507: INFO: common: created directory at: artifacts]
[2026-03-21 14:45:41,507: INFO: common: created directory at: artifacts/prepare_callbacks/checkpoint_dir]
[2026-03-21 14:45:41,507: INFO: common: created directory at: artifacts/prepare_callbacks/tensorboard_log_dir]
[2026-03-21 14:45:41,507: INFO: common: created directory at: artifacts/training]
[2026-03-21 14:45:46,586: INFO: stage_03_training: >>>>>> stage Training completed <<<<<<

x==========x]
[2026-03-21 14:45:51,222: INFO: stage_04_evaluation: *******************]
[2026-03-21 14:45:51,222: INFO: stage_04_evaluation: >>>>>> stage Evaluation stage started <<<<<<]
[2026-03-21 14:45:51,223: INFO: common: yaml file: config/config.yaml loaded successfully]
[2026-03-21 14:45:51,224: INFO: common: yaml file: params.yaml loaded successfully]
[2026-03-21 14:45:51,224: INFO: common: created directory at: artifacts]
[2026-03-21 14:45:51,589: INFO: _client: HTTP Request: GET https://dagshub.com/api/v1/user "HTTP/1.1 200 OK"]
[2026-03-21 14:45:51,595: INFO: helpers: Accessing as captainkiran0158]
[2026-03-21 14:45:51,992: INFO: _client: HTTP Request: GET https://dagshub.com/api/v1/repos/captainkiran0158/KidneyTumorCNNclassifier "HTTP/1.1 200 OK"]
[2026-03-21 14:45:52,250: INFO: _client: HTTP Request: GET https://dagshub.com/api/v1/user "HTTP/1.1 200 OK"]
[2026-03-21 14:45:52,251: INFO: helpers: Initialized MLflow to track repo "captainkiran0158/KidneyTumorCNNclassifier"]
[2026-03-21 14:45:52,251: INFO: helpers: Repository captainkiran0158/KidneyTumorCNNclassifier initialized!]
[2026-03-21 14:45:53,996: INFO: common: json file saved at: scores.json]
[2026-03-21 14:45:53,996: INFO: stage_04_evaluation: >>>>>> stage Evaluation stage completed <<<<<<

x==========x]
[2026-03-21 14:46:20,156: INFO: stage_03_training: *******************]
[2026-03-21 14:46:20,156: INFO: stage_03_training: >>>>>> stage Training started <<<<<<]
[2026-03-21 14:46:20,157: INFO: common: yaml file: config/config.yaml loaded successfully]
[2026-03-21 14:46:20,158: INFO: common: yaml file: params.yaml loaded successfully]
[2026-03-21 14:46:20,158: INFO: common: created directory at: artifacts]
[2026-03-21 14:46:20,158: INFO: common: created directory at: artifacts/prepare_callbacks/checkpoint_dir]
[2026-03-21 14:46:20,158: INFO: common: created directory at: artifacts/prepare_callbacks/tensorboard_log_dir]
[2026-03-21 14:46:20,159: INFO: common: created directory at: artifacts/training]
[2026-03-21 14:46:34,658: INFO: stage_03_training: >>>>>> stage Training completed <<<<<<

x==========x]
[2026-03-21 14:46:39,487: INFO: stage_04_evaluation: *******************]
[2026-03-21 14:46:39,487: INFO: stage_04_evaluation: >>>>>> stage Evaluation stage started <<<<<<]
[2026-03-21 14:46:39,488: INFO: common: yaml file: config/config.yaml loaded successfully]
[2026-03-21 14:46:39,489: INFO: common: yaml file: params.yaml loaded successfully]
[2026-03-21 14:46:39,489: INFO: common: created directory at: artifacts]
[2026-03-21 14:46:39,809: INFO: _client: HTTP Request: GET https://dagshub.com/api/v1/user "HTTP/1.1 200 OK"]
[2026-03-21 14:46:39,819: INFO: helpers: Accessing as captainkiran0158]
[2026-03-21 14:46:40,171: INFO: _client: HTTP Request: GET https://dagshub.com/api/v1/repos/captainkiran0158/KidneyTumorCNNclassifier "HTTP/1.1 200 OK"]
[2026-03-21 14:46:40,335: INFO: _client: HTTP Request: GET https://dagshub.com/api/v1/user "HTTP/1.1 200 OK"]
[2026-03-21 14:46:40,338: INFO: helpers: Initialized MLflow to track repo "captainkiran0158/KidneyTumorCNNclassifier"]
[2026-03-21 14:46:40,339: INFO: helpers: Repository captainkiran0158/KidneyTumorCNNclassifier initialized!]
[2026-03-21 14:46:42,178: INFO: common: json file saved at: scores.json]
[2026-03-21 14:46:42,179: INFO: stage_04_evaluation: >>>>>> stage Evaluation stage completed <<<<<<

x==========x]
[2026-03-21 14:46:54,156: INFO: _internal: 127.0.0.1 - - [21/Mar/2026 14:46:54] "POST /predict HTTP/1.1" 200 -]
[2026-03-21 14:47:01,632: INFO: _internal: 127.0.0.1 - - [21/Mar/2026 14:47:01] "POST /predict HTTP/1.1" 200 -]
[2026-03-21 14:47:27,058: INFO: stage_02_prepare_base_model: *******************]
[2026-03-21 14:47:27,058: INFO: stage_02_prepare_base_model: >>>>>> stage Prepare base model started <<<<<<]
[2026-03-21 14:47:27,060: INFO: common: yaml file: config/config.yaml loaded successfully]
[2026-03-21 14:47:27,060: INFO: common: yaml file: params.yaml loaded successfully]
[2026-03-21 14:47:27,060: INFO: common: created directory at: artifacts]
[2026-03-21 14:47:27,060: INFO: common: created directory at: artifacts/prepare_base_model]
[2026-03-21 14:47:27,578: WARNING: saving_utils: Compiled the loaded model, but the compiled metrics have yet to be built. `model.compile_metrics` will be empty until you train or evaluate the model.]
[2026-03-21 14:47:27,684: WARNING: optimizer: At this time, the v2.11+ optimizer `tf.keras.optimizers.SGD` runs slowly on M1/M2 Macs, please use the legacy Keras optimizer instead, located at `tf.keras.optimizers.legacy.SGD`.]
[2026-03-21 14:47:27,687: WARNING: __init__: There is a known slowdown when using v2.11+ Keras optimizers on M1/M2 Macs. Falling back to the legacy Keras optimizer, i.e., `tf.keras.optimizers.legacy.SGD`.]
[2026-03-21 14:47:27,922: INFO: stage_02_prepare_base_model: >>>>>> stage Prepare base model completed <<<<<<

x==========x]
[2026-03-21 14:47:32,279: INFO: stage_03_training: *******************]
[2026-03-21 14:47:32,279: INFO: stage_03_training: >>>>>> stage Training started <<<<<<]
[2026-03-21 14:47:32,281: INFO: common: yaml file: config/config.yaml loaded successfully]
[2026-03-21 14:47:32,281: INFO: common: yaml file: params.yaml loaded successfully]
[2026-03-21 14:47:32,281: INFO: common: created directory at: artifacts]
[2026-03-21 14:47:32,281: INFO: common: created directory at: artifacts/prepare_callbacks/checkpoint_dir]
[2026-03-21 14:47:32,281: INFO: common: created directory at: artifacts/prepare_callbacks/tensorboard_log_dir]
[2026-03-21 14:47:32,282: INFO: common: created directory at: artifacts/training]
[2026-03-21 14:48:00,317: INFO: stage_03_training: >>>>>> stage Training completed <<<<<<

x==========x]
[2026-03-21 14:48:05,531: INFO: stage_04_evaluation: *******************]
[2026-03-21 14:48:05,532: INFO: stage_04_evaluation: >>>>>> stage Evaluation stage started <<<<<<]
[2026-03-21 14:48:05,533: INFO: common: yaml file: config/config.yaml loaded successfully]
[2026-03-21 14:48:05,533: INFO: common: yaml file: params.yaml loaded successfully]
[2026-03-21 14:48:05,534: INFO: common: created directory at: artifacts]
[2026-03-21 14:48:05,873: INFO: _client: HTTP Request: GET https://dagshub.com/api/v1/user "HTTP/1.1 200 OK"]
[2026-03-21 14:48:05,877: INFO: helpers: Accessing as captainkiran0158]
[2026-03-21 14:48:06,176: INFO: _client: HTTP Request: GET https://dagshub.com/api/v1/repos/captainkiran0158/KidneyTumorCNNclassifier "HTTP/1.1 200 OK"]
[2026-03-21 14:48:06,385: INFO: _client: HTTP Request: GET https://dagshub.com/api/v1/user "HTTP/1.1 200 OK"]
[2026-03-21 14:48:06,387: INFO: helpers: Initialized MLflow to track repo "captainkiran0158/KidneyTumorCNNclassifier"]
[2026-03-21 14:48:06,387: INFO: helpers: Repository captainkiran0158/KidneyTumorCNNclassifier initialized!]
[2026-03-21 14:48:08,419: INFO: common: json file saved at: scores.json]
[2026-03-21 14:48:08,419: INFO: stage_04_evaluation: >>>>>> stage Evaluation stage completed <<<<<<

x==========x]
[2026-03-21 14:51:32,257: INFO: _internal: [31m[1mWARNING: This is a development server. Do not use it in a production deployment. Use a production WSGI server instead.[0m
 * Running on all addresses (0.0.0.0)
 * Running on http://127.0.0.1:8080
 * Running on http://10.0.0.24:8080]
[2026-03-21 14:51:32,257: INFO: _internal: [33mPress CTRL+C to quit[0m]
[2026-03-21 14:51:35,070: INFO: _internal: 127.0.0.1 - - [21/Mar/2026 14:51:35] "GET / HTTP/1.1" 200 -]
[2026-03-21 14:51:35,475: INFO: _internal: 127.0.0.1 - - [21/Mar/2026 14:51:35] "[33mGET /favicon.ico HTTP/1.1[0m" 404 -]
[2026-03-21 14:52:06,657: INFO: _internal: 127.0.0.1 - - [21/Mar/2026 14:52:06] "POST /predict HTTP/1.1" 200 -]
[2026-03-21 14:52:15,520: INFO: _internal: 127.0.0.1 - - [21/Mar/2026 14:52:15] "POST /predict HTTP/1.1" 200 -]
[2026-03-21 14:52:46,603: INFO: _internal: 127.0.0.1 - - [21/Mar/2026 14:52:46] "GET / HTTP/1.1" 200 -]
[2026-03-21 14:52:52,130: INFO: _internal: 127.0.0.1 - - [21/Mar/2026 14:52:52] "POST /predict HTTP/1.1" 200 -]
[2026-03-21 14:52:57,582: INFO: _internal: 127.0.0.1 - - [21/Mar/2026 14:52:57] "POST /predict HTTP/1.1" 200 -]
[2026-03-21 14:53:22,666: INFO: _internal: [31m[1mWARNING: This is a development server. Do not use it in a production deployment. Use a production WSGI server instead.[0m
 * Running on all addresses (0.0.0.0)
 * Running on http://127.0.0.1:8080
 * Running on http://10.0.0.24:8080]
[2026-03-21 14:53:22,666: INFO: _internal: [33mPress CTRL+C to quit[0m]
[2026-03-21 14:53:24,470: INFO: _internal: 127.0.0.1 - - [21/Mar/2026 14:53:24] "GET / HTTP/1.1" 200 -]
[2026-03-21 14:53:32,887: INFO: _internal: 127.0.0.1 - - [21/Mar/2026 14:53:32] "POST /predict HTTP/1.1" 200 -]
[2026-03-21 14:53:40,191: INFO: _internal: 127.0.0.1 - - [21/Mar/2026 14:53:40] "POST /predict HTTP/1.1" 200 -]
[2026-03-21 14:53:45,584: INFO: _internal: 127.0.0.1 - - [21/Mar/2026 14:53:45] "POST /predict HTTP/1.1" 200 -]
[2026-03-21 14:54:26,294: INFO: _internal: 127.0.0.1 - - [21/Mar/2026 14:54:26] "POST /predict HTTP/1.1" 200 -]
[2026-03-21 14:54:40,474: WARNING: polymorphic_function: 5 out of the last 5 calls to <function Model.make_predict_function.<locals>.predict_function at 0x14ea00670> triggered tf.function retracing. Tracing is expensive and the excessive number of tracings could be due to (1) creating @tf.function repeatedly in a loop, (2) passing tensors with different shapes, (3) passing Python objects instead of tensors. For (1), please define your @tf.function outside of the loop. For (2), @tf.function has reduce_retracing=True option that can avoid unnecessary retracing. For (3), please refer to https://www.tensorflow.org/guide/function#controlling_retracing and https://www.tensorflow.org/api_docs/python/tf/function for  more details.]
[2026-03-21 14:54:40,476: INFO: _internal: 127.0.0.1 - - [21/Mar/2026 14:54:40] "POST /predict HTTP/1.1" 200 -]
